<?xml version="1.0" encoding="UTF-8"?>
<testsuite name="qotd.QuoteSpec" tests="1" skipped="0" failures="0" errors="0" timestamp="2016-05-10T02:16:25" hostname="Computater9000" time="0.156">
  <properties/>
  <testcase name="test for valid quote test" classname="qotd.QuoteSpec" time="0.156"/>
  <system-out><![CDATA[]]></system-out>
  <system-err><![CDATA[]]></system-err>
</testsuite>
